<?xml version="1.0" encoding="UTF-8"?>
<!-- Generated by org.testng.reporters.JUnitXMLReporter -->
<testsuite ignored="0" hostname="Poornimas-MacBook-Pro.local" failures="0" tests="9" name="Command line test" time="22.047" errors="0" timestamp="15 Mar 2018 09:59:55 GMT">
  <testcase classname="studio.StudioTest" name="postSome1thing" time="0.004"/>
  <testcase classname="customerSupport.CustomerSupportTest" name="postSome1thing" time="0.0"/>
  <testcase classname="qa.QaTest" name="postSome1thing" time="0.0"/>
  <testcase classname="commercial.CommercialTest" name="postSome1thing" time="0.001"/>
  <testcase classname="mobileGame.MobileGameTest" name="postSome1thing" time="0.0"/>
  <testcase classname="users.uiTest" name="postSome1thing" time="0.001"/>
  <testcase classname="users.uiPanelTest" name="postSomething" time="0.0"/>
  <testcase classname="users.uiPanelTest" name="ui" time="22.02"/>
  <testcase classname="broadcast.BroadcastTest" name="postSome1thing" time="0.001"/>
</testsuite> <!-- Command line test -->
